<?xml version="1.0" encoding="UTF-8"?>
<!-- Generated by org.testng.reporters.JUnitXMLReporter -->
<testsuite ignored="0" hostname="Abdulahad-Matloob" failures="2" tests="5" name="Surefire test" time="18.149" errors="0" timestamp="2025-03-26T13:33:20 AST">
  <testcase classname="com.automation.FacebookTest" name="testFacebookLogin1" time="1.913"/>
  <testcase classname="com.automation.FacebookTest" name="testFacebookLogin2" time="1.937"/>
  <testcase classname="com.automation.GoogleTest" name="testGoogleSearch1" time="4.406">
    <failure type="java.lang.AssertionError" message="Search result not displayed! expected [true] but found [false]">
      <![CDATA[java.lang.AssertionError: Search result not displayed! expected [true] but found [false]
at com.automation.GoogleTest.testGoogleSearch1(GoogleTest.java:17)
at java.base/java.util.ArrayList.forEach(ArrayList.java:1596)
... Removed 33 stack frames]]>
    </failure>
  </testcase> <!-- testGoogleSearch1 -->
  <testcase classname="com.automation.GoogleTest" name="testGoogleSearch2" time="4.374">
    <failure type="java.lang.AssertionError" message="Search result not displayed! expected [true] but found [false]">
      <![CDATA[java.lang.AssertionError: Search result not displayed! expected [true] but found [false]
at com.automation.GoogleTest.testGoogleSearch2(GoogleTest.java:28)
at java.base/java.util.ArrayList.forEach(ArrayList.java:1596)
... Removed 33 stack frames]]>
    </failure>
  </testcase> <!-- testGoogleSearch2 -->
  <testcase classname="com.automation.Testers" name="PerformLogins" time="0.001"/>
</testsuite> <!-- Surefire test -->
